<?xml version="1.0" encoding="UTF-8"?>
<testsuite xmlns:xsi="http://www.w3.org/2001/XMLSchema-instance" xsi:noNamespaceSchemaLocation="https://maven.apache.org/surefire/maven-surefire-plugin/xsd/surefire-test-report.xsd" name="com.self.wx.MpMenuServiceTest" time="1.593" tests="1" errors="0" skipped="0" failures="0">
  <properties>
    <property name="gopherProxySet" value="false"/>
    <property name="awt.toolkit" value="sun.lwawt.macosx.LWCToolkit"/>
    <property name="file.encoding.pkg" value="sun.io"/>
    <property name="java.specification.version" value="1.8"/>
    <property name="sun.cpu.isalist" value=""/>
    <property name="sun.jnu.encoding" value="UTF-8"/>
    <property name="java.class.path" value="/Users/lijz/works/javaproj/mpserver/target/test-classes:/Users/lijz/works/javaproj/mpserver/target/classes:/Users/lijz/.m2/repository/com/tuan/cozy/cozy-common-session/1.0.1.20110804/cozy-common-session-1.0.1.20110804.jar:/Users/lijz/.m2/repository/com/tuan/cozy/cozy-common-spring/1.0.1.20110804/cozy-common-spring-1.0.1.20110804.jar:/Users/lijz/.m2/repository/com/tuan/cozy/cozy-framework-service/1.0.1.20140926/cozy-framework-service-1.0.1.20140926.jar:/Users/lijz/.m2/repository/com/tuan/cozy/cozy-utils-trace/1.0.1.20141210/cozy-utils-trace-1.0.1.20141210.jar:/Users/lijz/.m2/repository/commons-lang/commons-lang/2.2/commons-lang-2.2.jar:/Users/lijz/.m2/repository/commons-codec/commons-codec/1.11/commons-codec-1.11.jar:/Users/lijz/.m2/repository/com/google/code/gson/gson/2.8.2/gson-2.8.2.jar:/Users/lijz/.m2/repository/org/javassist/javassist/3.22.0-CR2/javassist-3.22.0-CR2.jar:/Users/lijz/.m2/repository/org/slf4j/slf4j-api/1.7.25/slf4j-api-1.7.25.jar:/Users/lijz/.m2/repository/ch/qos/logback/logback-core/1.2.3/logback-core-1.2.3.jar:/Users/lijz/.m2/repository/com/tuan/jeehe/jeehe-common/1.0.1.20120201/jeehe-common-1.0.1.20120201.jar:/Users/lijz/.m2/repository/com/tuan/cozy/cozy-common-lang/1.0.1.20120813/cozy-common-lang-1.0.1.20120813.jar:/Users/lijz/.m2/repository/com/tuan/cozy/cozy-common-sequence-client/1.0.1.20131231/cozy-common-sequence-client-1.0.1.20131231.jar:/Users/lijz/.m2/repository/org/mybatis/spring/boot/mybatis-spring-boot-starter/1.3.1/mybatis-spring-boot-starter-1.3.1.jar:/Users/lijz/.m2/repository/org/springframework/boot/spring-boot-starter/2.0.0.M6/spring-boot-starter-2.0.0.M6.jar:/Users/lijz/.m2/repository/org/springframework/boot/spring-boot-starter-logging/2.0.0.M6/spring-boot-starter-logging-2.0.0.M6.jar:/Users/lijz/.m2/repository/ch/qos/logback/logback-classic/1.2.3/logback-classic-1.2.3.jar:/Users/lijz/.m2/repository/org/apache/logging/log4j/log4j-to-slf4j/2.9.1/log4j-to-slf4j-2.9.1.jar:/Users/lijz/.m2/repository/org/apache/logging/log4j/log4j-api/2.9.1/log4j-api-2.9.1.jar:/Users/lijz/.m2/repository/org/slf4j/jul-to-slf4j/1.7.25/jul-to-slf4j-1.7.25.jar:/Users/lijz/.m2/repository/org/slf4j/log4j-over-slf4j/1.7.25/log4j-over-slf4j-1.7.25.jar:/Users/lijz/.m2/repository/javax/annotation/javax.annotation-api/1.3.1/javax.annotation-api-1.3.1.jar:/Users/lijz/.m2/repository/org/yaml/snakeyaml/1.19/snakeyaml-1.19.jar:/Users/lijz/.m2/repository/org/springframework/boot/spring-boot-starter-jdbc/2.0.0.M6/spring-boot-starter-jdbc-2.0.0.M6.jar:/Users/lijz/.m2/repository/com/zaxxer/HikariCP/2.7.2/HikariCP-2.7.2.jar:/Users/lijz/.m2/repository/org/springframework/spring-jdbc/5.0.1.RELEASE/spring-jdbc-5.0.1.RELEASE.jar:/Users/lijz/.m2/repository/org/springframework/spring-tx/5.0.1.RELEASE/spring-tx-5.0.1.RELEASE.jar:/Users/lijz/.m2/repository/org/mybatis/spring/boot/mybatis-spring-boot-autoconfigure/1.3.1/mybatis-spring-boot-autoconfigure-1.3.1.jar:/Users/lijz/.m2/repository/org/mybatis/mybatis/3.4.5/mybatis-3.4.5.jar:/Users/lijz/.m2/repository/org/mybatis/mybatis-spring/1.3.1/mybatis-spring-1.3.1.jar:/Users/lijz/.m2/repository/org/springframework/boot/spring-boot-starter-web/2.0.0.M6/spring-boot-starter-web-2.0.0.M6.jar:/Users/lijz/.m2/repository/org/springframework/boot/spring-boot-starter-json/2.0.0.M6/spring-boot-starter-json-2.0.0.M6.jar:/Users/lijz/.m2/repository/com/fasterxml/jackson/core/jackson-databind/2.9.2/jackson-databind-2.9.2.jar:/Users/lijz/.m2/repository/com/fasterxml/jackson/core/jackson-annotations/2.9.0/jackson-annotations-2.9.0.jar:/Users/lijz/.m2/repository/com/fasterxml/jackson/core/jackson-core/2.9.2/jackson-core-2.9.2.jar:/Users/lijz/.m2/repository/com/fasterxml/jackson/datatype/jackson-datatype-jdk8/2.9.2/jackson-datatype-jdk8-2.9.2.jar:/Users/lijz/.m2/repository/com/fasterxml/jackson/datatype/jackson-datatype-jsr310/2.9.2/jackson-datatype-jsr310-2.9.2.jar:/Users/lijz/.m2/repository/com/fasterxml/jackson/module/jackson-module-parameter-names/2.9.2/jackson-module-parameter-names-2.9.2.jar:/Users/lijz/.m2/repository/com/fasterxml/jackson/module/jackson-module-kotlin/2.9.2/jackson-module-kotlin-2.9.2.jar:/Users/lijz/.m2/repository/org/springframework/boot/spring-boot-starter-tomcat/2.0.0.M6/spring-boot-starter-tomcat-2.0.0.M6.jar:/Users/lijz/.m2/repository/org/apache/tomcat/embed/tomcat-embed-core/8.5.23/tomcat-embed-core-8.5.23.jar:/Users/lijz/.m2/repository/org/apache/tomcat/tomcat-annotations-api/8.5.23/tomcat-annotations-api-8.5.23.jar:/Users/lijz/.m2/repository/org/apache/tomcat/embed/tomcat-embed-el/8.5.23/tomcat-embed-el-8.5.23.jar:/Users/lijz/.m2/repository/org/apache/tomcat/embed/tomcat-embed-websocket/8.5.23/tomcat-embed-websocket-8.5.23.jar:/Users/lijz/.m2/repository/org/hibernate/validator/hibernate-validator/6.0.4.Final/hibernate-validator-6.0.4.Final.jar:/Users/lijz/.m2/repository/javax/validation/validation-api/2.0.0.Final/validation-api-2.0.0.Final.jar:/Users/lijz/.m2/repository/org/jboss/logging/jboss-logging/3.3.1.Final/jboss-logging-3.3.1.Final.jar:/Users/lijz/.m2/repository/com/fasterxml/classmate/1.3.4/classmate-1.3.4.jar:/Users/lijz/.m2/repository/org/springframework/spring-web/5.0.1.RELEASE/spring-web-5.0.1.RELEASE.jar:/Users/lijz/.m2/repository/org/springframework/spring-beans/5.0.1.RELEASE/spring-beans-5.0.1.RELEASE.jar:/Users/lijz/.m2/repository/org/springframework/spring-webmvc/5.0.1.RELEASE/spring-webmvc-5.0.1.RELEASE.jar:/Users/lijz/.m2/repository/org/springframework/spring-aop/5.0.1.RELEASE/spring-aop-5.0.1.RELEASE.jar:/Users/lijz/.m2/repository/org/springframework/spring-context/5.0.1.RELEASE/spring-context-5.0.1.RELEASE.jar:/Users/lijz/.m2/repository/org/springframework/spring-expression/5.0.1.RELEASE/spring-expression-5.0.1.RELEASE.jar:/Users/lijz/.m2/repository/mysql/mysql-connector-java/5.1.44/mysql-connector-java-5.1.44.jar:/Users/lijz/.m2/repository/org/springframework/boot/spring-boot-starter-test/2.0.0.M6/spring-boot-starter-test-2.0.0.M6.jar:/Users/lijz/.m2/repository/org/springframework/boot/spring-boot-test/2.0.0.M6/spring-boot-test-2.0.0.M6.jar:/Users/lijz/.m2/repository/org/springframework/boot/spring-boot-test-autoconfigure/2.0.0.M6/spring-boot-test-autoconfigure-2.0.0.M6.jar:/Users/lijz/.m2/repository/com/jayway/jsonpath/json-path/2.4.0/json-path-2.4.0.jar:/Users/lijz/.m2/repository/net/minidev/json-smart/2.3/json-smart-2.3.jar:/Users/lijz/.m2/repository/net/minidev/accessors-smart/1.2/accessors-smart-1.2.jar:/Users/lijz/.m2/repository/org/ow2/asm/asm/5.0.4/asm-5.0.4.jar:/Users/lijz/.m2/repository/junit/junit/4.12/junit-4.12.jar:/Users/lijz/.m2/repository/org/assertj/assertj-core/3.8.0/assertj-core-3.8.0.jar:/Users/lijz/.m2/repository/org/mockito/mockito-core/2.11.0/mockito-core-2.11.0.jar:/Users/lijz/.m2/repository/net/bytebuddy/byte-buddy/1.7.8/byte-buddy-1.7.8.jar:/Users/lijz/.m2/repository/net/bytebuddy/byte-buddy-agent/1.7.8/byte-buddy-agent-1.7.8.jar:/Users/lijz/.m2/repository/org/objenesis/objenesis/2.6/objenesis-2.6.jar:/Users/lijz/.m2/repository/org/hamcrest/hamcrest-core/1.3/hamcrest-core-1.3.jar:/Users/lijz/.m2/repository/org/hamcrest/hamcrest-library/1.3/hamcrest-library-1.3.jar:/Users/lijz/.m2/repository/org/skyscreamer/jsonassert/1.5.0/jsonassert-1.5.0.jar:/Users/lijz/.m2/repository/com/vaadin/external/google/android-json/0.0.20131108.vaadin1/android-json-0.0.20131108.vaadin1.jar:/Users/lijz/.m2/repository/org/springframework/spring-core/5.0.1.RELEASE/spring-core-5.0.1.RELEASE.jar:/Users/lijz/.m2/repository/org/springframework/spring-jcl/5.0.1.RELEASE/spring-jcl-5.0.1.RELEASE.jar:/Users/lijz/.m2/repository/org/springframework/spring-test/5.0.1.RELEASE/spring-test-5.0.1.RELEASE.jar:/Users/lijz/.m2/repository/org/xmlunit/xmlunit-core/2.5.0/xmlunit-core-2.5.0.jar:/Users/lijz/.m2/repository/com/alibaba/druid/1.0.28/druid-1.0.28.jar:/Library/Java/JavaVirtualMachines/jdk1.8.0_144.jdk/Contents/Home/jre/../lib/jconsole.jar:/Library/Java/JavaVirtualMachines/jdk1.8.0_144.jdk/Contents/Home/jre/../lib/tools.jar:/Users/lijz/.m2/repository/com/alibaba/fastjson/1.2.30/fastjson-1.2.30.jar:/Users/lijz/.m2/repository/dom4j/dom4j/1.6.1/dom4j-1.6.1.jar:/Users/lijz/.m2/repository/xml-apis/xml-apis/1.4.01/xml-apis-1.4.01.jar:/Users/lijz/.m2/repository/org/apache/httpcomponents/httpclient/4.5.5/httpclient-4.5.5.jar:/Users/lijz/.m2/repository/org/apache/httpcomponents/httpcore/4.4.8/httpcore-4.4.8.jar:/Users/lijz/.m2/repository/org/springframework/boot/spring-boot-devtools/2.0.0.M6/spring-boot-devtools-2.0.0.M6.jar:/Users/lijz/.m2/repository/org/springframework/boot/spring-boot/2.0.0.M6/spring-boot-2.0.0.M6.jar:/Users/lijz/.m2/repository/org/springframework/boot/spring-boot-autoconfigure/2.0.0.M6/spring-boot-autoconfigure-2.0.0.M6.jar:"/>
    <property name="java.vm.vendor" value="Oracle Corporation"/>
    <property name="sun.arch.data.model" value="64"/>
    <property name="java.vendor.url" value="http://java.oracle.com/"/>
    <property name="user.timezone" value=""/>
    <property name="java.vm.specification.version" value="1.8"/>
    <property name="os.name" value="Mac OS X"/>
    <property name="user.country" value="CN"/>
    <property name="sun.java.launcher" value="SUN_STANDARD"/>
    <property name="sun.boot.library.path" value="/Library/Java/JavaVirtualMachines/jdk1.8.0_144.jdk/Contents/Home/jre/lib"/>
    <property name="sun.java.command" value="/Users/lijz/works/javaproj/mpserver/target/surefire/surefirebooter1660094851597545011.jar /Users/lijz/works/javaproj/mpserver/target/surefire 2018-03-22T12-04-09_140-jvmRun1 surefire7354956774544477059tmp surefire_06927966828615449083tmp"/>
    <property name="surefire.test.class.path" value="/Users/lijz/works/javaproj/mpserver/target/test-classes:/Users/lijz/works/javaproj/mpserver/target/classes:/Users/lijz/.m2/repository/com/tuan/cozy/cozy-common-session/1.0.1.20110804/cozy-common-session-1.0.1.20110804.jar:/Users/lijz/.m2/repository/com/tuan/cozy/cozy-common-spring/1.0.1.20110804/cozy-common-spring-1.0.1.20110804.jar:/Users/lijz/.m2/repository/com/tuan/cozy/cozy-framework-service/1.0.1.20140926/cozy-framework-service-1.0.1.20140926.jar:/Users/lijz/.m2/repository/com/tuan/cozy/cozy-utils-trace/1.0.1.20141210/cozy-utils-trace-1.0.1.20141210.jar:/Users/lijz/.m2/repository/commons-lang/commons-lang/2.2/commons-lang-2.2.jar:/Users/lijz/.m2/repository/commons-codec/commons-codec/1.11/commons-codec-1.11.jar:/Users/lijz/.m2/repository/com/google/code/gson/gson/2.8.2/gson-2.8.2.jar:/Users/lijz/.m2/repository/org/javassist/javassist/3.22.0-CR2/javassist-3.22.0-CR2.jar:/Users/lijz/.m2/repository/org/slf4j/slf4j-api/1.7.25/slf4j-api-1.7.25.jar:/Users/lijz/.m2/repository/ch/qos/logback/logback-core/1.2.3/logback-core-1.2.3.jar:/Users/lijz/.m2/repository/com/tuan/jeehe/jeehe-common/1.0.1.20120201/jeehe-common-1.0.1.20120201.jar:/Users/lijz/.m2/repository/com/tuan/cozy/cozy-common-lang/1.0.1.20120813/cozy-common-lang-1.0.1.20120813.jar:/Users/lijz/.m2/repository/com/tuan/cozy/cozy-common-sequence-client/1.0.1.20131231/cozy-common-sequence-client-1.0.1.20131231.jar:/Users/lijz/.m2/repository/org/mybatis/spring/boot/mybatis-spring-boot-starter/1.3.1/mybatis-spring-boot-starter-1.3.1.jar:/Users/lijz/.m2/repository/org/springframework/boot/spring-boot-starter/2.0.0.M6/spring-boot-starter-2.0.0.M6.jar:/Users/lijz/.m2/repository/org/springframework/boot/spring-boot-starter-logging/2.0.0.M6/spring-boot-starter-logging-2.0.0.M6.jar:/Users/lijz/.m2/repository/ch/qos/logback/logback-classic/1.2.3/logback-classic-1.2.3.jar:/Users/lijz/.m2/repository/org/apache/logging/log4j/log4j-to-slf4j/2.9.1/log4j-to-slf4j-2.9.1.jar:/Users/lijz/.m2/repository/org/apache/logging/log4j/log4j-api/2.9.1/log4j-api-2.9.1.jar:/Users/lijz/.m2/repository/org/slf4j/jul-to-slf4j/1.7.25/jul-to-slf4j-1.7.25.jar:/Users/lijz/.m2/repository/org/slf4j/log4j-over-slf4j/1.7.25/log4j-over-slf4j-1.7.25.jar:/Users/lijz/.m2/repository/javax/annotation/javax.annotation-api/1.3.1/javax.annotation-api-1.3.1.jar:/Users/lijz/.m2/repository/org/yaml/snakeyaml/1.19/snakeyaml-1.19.jar:/Users/lijz/.m2/repository/org/springframework/boot/spring-boot-starter-jdbc/2.0.0.M6/spring-boot-starter-jdbc-2.0.0.M6.jar:/Users/lijz/.m2/repository/com/zaxxer/HikariCP/2.7.2/HikariCP-2.7.2.jar:/Users/lijz/.m2/repository/org/springframework/spring-jdbc/5.0.1.RELEASE/spring-jdbc-5.0.1.RELEASE.jar:/Users/lijz/.m2/repository/org/springframework/spring-tx/5.0.1.RELEASE/spring-tx-5.0.1.RELEASE.jar:/Users/lijz/.m2/repository/org/mybatis/spring/boot/mybatis-spring-boot-autoconfigure/1.3.1/mybatis-spring-boot-autoconfigure-1.3.1.jar:/Users/lijz/.m2/repository/org/mybatis/mybatis/3.4.5/mybatis-3.4.5.jar:/Users/lijz/.m2/repository/org/mybatis/mybatis-spring/1.3.1/mybatis-spring-1.3.1.jar:/Users/lijz/.m2/repository/org/springframework/boot/spring-boot-starter-web/2.0.0.M6/spring-boot-starter-web-2.0.0.M6.jar:/Users/lijz/.m2/repository/org/springframework/boot/spring-boot-starter-json/2.0.0.M6/spring-boot-starter-json-2.0.0.M6.jar:/Users/lijz/.m2/repository/com/fasterxml/jackson/core/jackson-databind/2.9.2/jackson-databind-2.9.2.jar:/Users/lijz/.m2/repository/com/fasterxml/jackson/core/jackson-annotations/2.9.0/jackson-annotations-2.9.0.jar:/Users/lijz/.m2/repository/com/fasterxml/jackson/core/jackson-core/2.9.2/jackson-core-2.9.2.jar:/Users/lijz/.m2/repository/com/fasterxml/jackson/datatype/jackson-datatype-jdk8/2.9.2/jackson-datatype-jdk8-2.9.2.jar:/Users/lijz/.m2/repository/com/fasterxml/jackson/datatype/jackson-datatype-jsr310/2.9.2/jackson-datatype-jsr310-2.9.2.jar:/Users/lijz/.m2/repository/com/fasterxml/jackson/module/jackson-module-parameter-names/2.9.2/jackson-module-parameter-names-2.9.2.jar:/Users/lijz/.m2/repository/com/fasterxml/jackson/module/jackson-module-kotlin/2.9.2/jackson-module-kotlin-2.9.2.jar:/Users/lijz/.m2/repository/org/springframework/boot/spring-boot-starter-tomcat/2.0.0.M6/spring-boot-starter-tomcat-2.0.0.M6.jar:/Users/lijz/.m2/repository/org/apache/tomcat/embed/tomcat-embed-core/8.5.23/tomcat-embed-core-8.5.23.jar:/Users/lijz/.m2/repository/org/apache/tomcat/tomcat-annotations-api/8.5.23/tomcat-annotations-api-8.5.23.jar:/Users/lijz/.m2/repository/org/apache/tomcat/embed/tomcat-embed-el/8.5.23/tomcat-embed-el-8.5.23.jar:/Users/lijz/.m2/repository/org/apache/tomcat/embed/tomcat-embed-websocket/8.5.23/tomcat-embed-websocket-8.5.23.jar:/Users/lijz/.m2/repository/org/hibernate/validator/hibernate-validator/6.0.4.Final/hibernate-validator-6.0.4.Final.jar:/Users/lijz/.m2/repository/javax/validation/validation-api/2.0.0.Final/validation-api-2.0.0.Final.jar:/Users/lijz/.m2/repository/org/jboss/logging/jboss-logging/3.3.1.Final/jboss-logging-3.3.1.Final.jar:/Users/lijz/.m2/repository/com/fasterxml/classmate/1.3.4/classmate-1.3.4.jar:/Users/lijz/.m2/repository/org/springframework/spring-web/5.0.1.RELEASE/spring-web-5.0.1.RELEASE.jar:/Users/lijz/.m2/repository/org/springframework/spring-beans/5.0.1.RELEASE/spring-beans-5.0.1.RELEASE.jar:/Users/lijz/.m2/repository/org/springframework/spring-webmvc/5.0.1.RELEASE/spring-webmvc-5.0.1.RELEASE.jar:/Users/lijz/.m2/repository/org/springframework/spring-aop/5.0.1.RELEASE/spring-aop-5.0.1.RELEASE.jar:/Users/lijz/.m2/repository/org/springframework/spring-context/5.0.1.RELEASE/spring-context-5.0.1.RELEASE.jar:/Users/lijz/.m2/repository/org/springframework/spring-expression/5.0.1.RELEASE/spring-expression-5.0.1.RELEASE.jar:/Users/lijz/.m2/repository/mysql/mysql-connector-java/5.1.44/mysql-connector-java-5.1.44.jar:/Users/lijz/.m2/repository/org/springframework/boot/spring-boot-starter-test/2.0.0.M6/spring-boot-starter-test-2.0.0.M6.jar:/Users/lijz/.m2/repository/org/springframework/boot/spring-boot-test/2.0.0.M6/spring-boot-test-2.0.0.M6.jar:/Users/lijz/.m2/repository/org/springframework/boot/spring-boot-test-autoconfigure/2.0.0.M6/spring-boot-test-autoconfigure-2.0.0.M6.jar:/Users/lijz/.m2/repository/com/jayway/jsonpath/json-path/2.4.0/json-path-2.4.0.jar:/Users/lijz/.m2/repository/net/minidev/json-smart/2.3/json-smart-2.3.jar:/Users/lijz/.m2/repository/net/minidev/accessors-smart/1.2/accessors-smart-1.2.jar:/Users/lijz/.m2/repository/org/ow2/asm/asm/5.0.4/asm-5.0.4.jar:/Users/lijz/.m2/repository/junit/junit/4.12/junit-4.12.jar:/Users/lijz/.m2/repository/org/assertj/assertj-core/3.8.0/assertj-core-3.8.0.jar:/Users/lijz/.m2/repository/org/mockito/mockito-core/2.11.0/mockito-core-2.11.0.jar:/Users/lijz/.m2/repository/net/bytebuddy/byte-buddy/1.7.8/byte-buddy-1.7.8.jar:/Users/lijz/.m2/repository/net/bytebuddy/byte-buddy-agent/1.7.8/byte-buddy-agent-1.7.8.jar:/Users/lijz/.m2/repository/org/objenesis/objenesis/2.6/objenesis-2.6.jar:/Users/lijz/.m2/repository/org/hamcrest/hamcrest-core/1.3/hamcrest-core-1.3.jar:/Users/lijz/.m2/repository/org/hamcrest/hamcrest-library/1.3/hamcrest-library-1.3.jar:/Users/lijz/.m2/repository/org/skyscreamer/jsonassert/1.5.0/jsonassert-1.5.0.jar:/Users/lijz/.m2/repository/com/vaadin/external/google/android-json/0.0.20131108.vaadin1/android-json-0.0.20131108.vaadin1.jar:/Users/lijz/.m2/repository/org/springframework/spring-core/5.0.1.RELEASE/spring-core-5.0.1.RELEASE.jar:/Users/lijz/.m2/repository/org/springframework/spring-jcl/5.0.1.RELEASE/spring-jcl-5.0.1.RELEASE.jar:/Users/lijz/.m2/repository/org/springframework/spring-test/5.0.1.RELEASE/spring-test-5.0.1.RELEASE.jar:/Users/lijz/.m2/repository/org/xmlunit/xmlunit-core/2.5.0/xmlunit-core-2.5.0.jar:/Users/lijz/.m2/repository/com/alibaba/druid/1.0.28/druid-1.0.28.jar:/Library/Java/JavaVirtualMachines/jdk1.8.0_144.jdk/Contents/Home/jre/../lib/jconsole.jar:/Library/Java/JavaVirtualMachines/jdk1.8.0_144.jdk/Contents/Home/jre/../lib/tools.jar:/Users/lijz/.m2/repository/com/alibaba/fastjson/1.2.30/fastjson-1.2.30.jar:/Users/lijz/.m2/repository/dom4j/dom4j/1.6.1/dom4j-1.6.1.jar:/Users/lijz/.m2/repository/xml-apis/xml-apis/1.4.01/xml-apis-1.4.01.jar:/Users/lijz/.m2/repository/org/apache/httpcomponents/httpclient/4.5.5/httpclient-4.5.5.jar:/Users/lijz/.m2/repository/org/apache/httpcomponents/httpcore/4.4.8/httpcore-4.4.8.jar:/Users/lijz/.m2/repository/org/springframework/boot/spring-boot-devtools/2.0.0.M6/spring-boot-devtools-2.0.0.M6.jar:/Users/lijz/.m2/repository/org/springframework/boot/spring-boot/2.0.0.M6/spring-boot-2.0.0.M6.jar:/Users/lijz/.m2/repository/org/springframework/boot/spring-boot-autoconfigure/2.0.0.M6/spring-boot-autoconfigure-2.0.0.M6.jar:"/>
    <property name="sun.cpu.endian" value="little"/>
    <property name="user.home" value="/Users/lijz"/>
    <property name="user.language" value="zh"/>
    <property name="java.specification.vendor" value="Oracle Corporation"/>
    <property name="java.home" value="/Library/Java/JavaVirtualMachines/jdk1.8.0_144.jdk/Contents/Home/jre"/>
    <property name="basedir" value="/Users/lijz/works/javaproj/mpserver"/>
    <property name="file.separator" value="/"/>
    <property name="line.separator" value="&#10;"/>
    <property name="java.vm.specification.vendor" value="Oracle Corporation"/>
    <property name="java.specification.name" value="Java Platform API Specification"/>
    <property name="java.awt.graphicsenv" value="sun.awt.CGraphicsEnvironment"/>
    <property name="surefire.real.class.path" value="/Users/lijz/works/javaproj/mpserver/target/surefire/surefirebooter1660094851597545011.jar"/>
    <property name="sun.boot.class.path" value="/Library/Java/JavaVirtualMachines/jdk1.8.0_144.jdk/Contents/Home/jre/lib/resources.jar:/Library/Java/JavaVirtualMachines/jdk1.8.0_144.jdk/Contents/Home/jre/lib/rt.jar:/Library/Java/JavaVirtualMachines/jdk1.8.0_144.jdk/Contents/Home/jre/lib/sunrsasign.jar:/Library/Java/JavaVirtualMachines/jdk1.8.0_144.jdk/Contents/Home/jre/lib/jsse.jar:/Library/Java/JavaVirtualMachines/jdk1.8.0_144.jdk/Contents/Home/jre/lib/jce.jar:/Library/Java/JavaVirtualMachines/jdk1.8.0_144.jdk/Contents/Home/jre/lib/charsets.jar:/Library/Java/JavaVirtualMachines/jdk1.8.0_144.jdk/Contents/Home/jre/lib/jfr.jar:/Library/Java/JavaVirtualMachines/jdk1.8.0_144.jdk/Contents/Home/jre/classes"/>
    <property name="sun.management.compiler" value="HotSpot 64-Bit Tiered Compilers"/>
    <property name="java.runtime.version" value="1.8.0_144-b01"/>
    <property name="user.name" value="lijz"/>
    <property name="path.separator" value=":"/>
    <property name="os.version" value="10.12.6"/>
    <property name="java.endorsed.dirs" value="/Library/Java/JavaVirtualMachines/jdk1.8.0_144.jdk/Contents/Home/jre/lib/endorsed"/>
    <property name="java.runtime.name" value="Java(TM) SE Runtime Environment"/>
    <property name="file.encoding" value="UTF-8"/>
    <property name="java.vm.name" value="Java HotSpot(TM) 64-Bit Server VM"/>
    <property name="localRepository" value="/Users/lijz/.m2/repository"/>
    <property name="java.vendor.url.bug" value="http://bugreport.sun.com/bugreport/"/>
    <property name="java.io.tmpdir" value="/var/folders/mc/_6fgls1970n86dj9hzvcjqmm0000gn/T/"/>
    <property name="java.version" value="1.8.0_144"/>
    <property name="user.dir" value="/Users/lijz/works/javaproj/mpserver"/>
    <property name="os.arch" value="x86_64"/>
    <property name="java.vm.specification.name" value="Java Virtual Machine Specification"/>
    <property name="java.awt.printerjob" value="sun.lwawt.macosx.CPrinterJob"/>
    <property name="sun.os.patch.level" value="unknown"/>
    <property name="java.library.path" value="/Users/lijz/Library/Java/Extensions:/Library/Java/Extensions:/Network/Library/Java/Extensions:/System/Library/Java/Extensions:/usr/lib/java:."/>
    <property name="java.vm.info" value="mixed mode"/>
    <property name="java.vendor" value="Oracle Corporation"/>
    <property name="java.vm.version" value="25.144-b01"/>
    <property name="java.ext.dirs" value="/Users/lijz/Library/Java/Extensions:/Library/Java/JavaVirtualMachines/jdk1.8.0_144.jdk/Contents/Home/jre/lib/ext:/Library/Java/Extensions:/Network/Library/Java/Extensions:/System/Library/Java/Extensions:/usr/lib/java"/>
    <property name="sun.io.unicode.encoding" value="UnicodeBig"/>
    <property name="java.class.version" value="52.0"/>
  </properties>
  <testcase name="createMenu" classname="com.self.wx.MpMenuServiceTest" time="1.456"/>
</testsuite>